<?xml version="1.0" encoding="UTF-8"?>
<!-- Generated by org.testng.reporters.JUnitReportReporter -->
<testsuite hostname="NFL-160" failures="0" tests="1" name="Test.Test_script.AppTest" time="0.001" errors="0" timestamp="2024-03-12T16:06:30 IST" skipped="0">
  <testcase classname="Test.Test_script.AppTest" name="testApp" time="0.001"/>
</testsuite> <!-- Test.Test_script.AppTest -->
