<?xml version="1.0" encoding="UTF-8"?>
<!-- Generated by org.testng.reporters.JUnitReportReporter -->
<testsuite hostname="NFL-160" failures="0" tests="1" name="Test.Test_script.Testng" time="5.306" errors="0" timestamp="2024-03-12T18:12:02 IST" skipped="0">
  <testcase classname="Test.Test_script.Testng" name="lunch" time="5.306"/>
</testsuite> <!-- Test.Test_script.Testng -->
